<?xml version="1.0" encoding="UTF-8"?>
<!-- Generated by org.testng.reporters.JUnitXMLReporter -->
<testsuite ignored="8" hostname="DESKTOP-BJ80FP8" failures="1" tests="5" name="Surefire test" time="203.247" errors="0" timestamp="2023-08-07T01:00:02 IST">
  <testcase classname="whizit.TestHomePage.CheckLogoExistOrNotTest" name="checkLogoExistOrNotTest" time="0.605"/>
  <testcase classname="whizit.TestHomePage.RedirectToHomePageFromOtherPageUsingLogoTest" name="redirectToHomePageFromOtherPageUsingLogoTest" time="10.846">
    <failure type="java.lang.AssertionError" message="expected [true] but found [false]">
      <![CDATA[java.lang.AssertionError: expected [true] but found [false]
at whizit.TestHomePage.RedirectToHomePageFromOtherPageUsingLogoTest.redirectToHomePageFromOtherPageUsingLogoTest(RedirectToHomePageFromOtherPageUsingLogoTest.java:34)
at java.base/java.util.ArrayList.forEach(ArrayList.java:1541)
... Removed 36 stack frames]]>
    </failure>
  </testcase> <!-- redirectToHomePageFromOtherPageUsingLogoTest -->
  <testcase classname="whizit.TestHomePage.RedirectToHomePageWithLogoTest" name="redirectToHomePageWithLogoTest" time="3.901"/>
  <testcase classname="whizit.TestHomePage.Section1AllTechnologiesImageTest" name="section1AllTechnologiesImageTest" time="0.493"/>
  <testcase classname="whizit.TestHomePage.Section2AllTechnologiesImageTest" name="section2AllTechnologiesImageTest" time="0.338"/>
  <testcase classname="generiUtilities.BaseClass" name="@BeforeSuite bsConfig" time="0.0">
    <ignored/>
  </testcase> <!-- @BeforeSuite bsConfig -->
  <testcase classname="generiUtilities.BaseClass" name="@BeforeSuite bsConfig" time="0.0">
    <ignored/>
  </testcase> <!-- @BeforeSuite bsConfig -->
  <testcase classname="generiUtilities.BaseClass" name="@BeforeSuite bsConfig" time="0.0">
    <ignored/>
  </testcase> <!-- @BeforeSuite bsConfig -->
  <testcase classname="generiUtilities.BaseClass" name="@BeforeSuite bsConfig" time="0.0">
    <ignored/>
  </testcase> <!-- @BeforeSuite bsConfig -->
  <testcase classname="generiUtilities.BaseClass" name="@AfterSuite asConfig" time="0.0">
    <ignored/>
  </testcase> <!-- @AfterSuite asConfig -->
  <testcase classname="generiUtilities.BaseClass" name="@AfterSuite asConfig" time="0.0">
    <ignored/>
  </testcase> <!-- @AfterSuite asConfig -->
  <testcase classname="generiUtilities.BaseClass" name="@AfterSuite asConfig" time="0.0">
    <ignored/>
  </testcase> <!-- @AfterSuite asConfig -->
  <testcase classname="generiUtilities.BaseClass" name="@AfterSuite asConfig" time="0.0">
    <ignored/>
  </testcase> <!-- @AfterSuite asConfig -->
</testsuite> <!-- Surefire test -->
