<?xml version="1.0" encoding="UTF-8"?>
<testsuite xmlns:xsi="http://www.w3.org/2001/XMLSchema-instance" xsi:noNamespaceSchemaLocation="https://maven.apache.org/surefire/maven-surefire-plugin/xsd/surefire-test-report-3.0.xsd" version="3.0" name="TestSuite" time="206.38" tests="5" errors="0" skipped="0" failures="1">
  <properties>
[...]
</properties>
  <testcase name="checkLogoExistOrNotTest" classname="whizit.TestHomePage.CheckLogoExistOrNotTest" time="0.524">
    <system-out><![CDATA[====== DB Connection SuccessFull ======
Execution Started
chrome====== Browser Launched ======
checkLogoExistOrNotTestTest Started
Logo exists
Logo present
checkLogoExistOrNotTestTest Successful
]]></system-out>
    <system-err><![CDATA[SLF4J: Failed to load class "org.slf4j.impl.StaticLoggerBinder".
SLF4J: Defaulting to no-operation (NOP) logger implementation
SLF4J: See http://www.slf4j.org/codes.html#StaticLoggerBinder for further details.
Starting ChromeDriver 114.0.5735.90 (386bc09e8f4f2e025eddae123f36f6263096ae49-refs/branch-heads/5735@{#1052}) on port 32578
Only local connections are allowed.
Please see https://chromedriver.chromium.org/security-considerations for suggestions on keeping ChromeDriver safe.
ChromeDriver was started successfully.
Aug 07, 2023 12:56:45 AM org.openqa.selenium.devtools.CdpVersionFinder findNearestMatch
WARNING: Unable to find an exact match for CDP version 114, so returning the closest version found: 111
]]></system-err>
  </testcase>
  <testcase name="redirectToHomePageFromOtherPageUsingLogoTest" classname="whizit.TestHomePage.RedirectToHomePageFromOtherPageUsingLogoTest" time="11.88">
    <failure message="expected [true] but found [false]" type="java.lang.AssertionError"><![CDATA[java.lang.AssertionError: expected [true] but found [false]
	at org.testng.Assert.fail(Assert.java:99)
	at org.testng.Assert.failNotEquals(Assert.java:1037)
	at org.testng.Assert.assertTrue(Assert.java:45)
	at org.testng.Assert.assertTrue(Assert.java:55)
	at whizit.TestHomePage.RedirectToHomePageFromOtherPageUsingLogoTest.redirectToHomePageFromOtherPageUsingLogoTest(RedirectToHomePageFromOtherPageUsingLogoTest.java:34)
	at java.base/jdk.internal.reflect.NativeMethodAccessorImpl.invoke0(Native Method)
	at java.base/jdk.internal.reflect.NativeMethodAccessorImpl.invoke(NativeMethodAccessorImpl.java:62)
	at java.base/jdk.internal.reflect.DelegatingMethodAccessorImpl.invoke(DelegatingMethodAccessorImpl.java:43)
	at java.base/java.lang.reflect.Method.invoke(Method.java:566)
	at org.testng.internal.MethodInvocationHelper.invokeMethod(MethodInvocationHelper.java:133)
	at org.testng.internal.TestInvoker.invokeMethod(TestInvoker.java:598)
	at org.testng.internal.TestInvoker.invokeTestMethod(TestInvoker.java:173)
	at org.testng.internal.MethodRunner.runInSequence(MethodRunner.java:46)
	at org.testng.internal.TestInvoker$MethodInvocationAgent.invoke(TestInvoker.java:824)
	at org.testng.internal.TestInvoker.invokeTestMethods(TestInvoker.java:146)
	at org.testng.internal.TestMethodWorker.invokeTestMethods(TestMethodWorker.java:146)
	at org.testng.internal.TestMethodWorker.run(TestMethodWorker.java:128)
	at java.base/java.util.ArrayList.forEach(ArrayList.java:1541)
	at org.testng.TestRunner.privateRun(TestRunner.java:794)
	at org.testng.TestRunner.run(TestRunner.java:596)
	at org.testng.SuiteRunner.runTest(SuiteRunner.java:377)
	at org.testng.SuiteRunner.runSequentially(SuiteRunner.java:371)
	at org.testng.SuiteRunner.privateRun(SuiteRunner.java:332)
	at org.testng.SuiteRunner.run(SuiteRunner.java:276)
	at org.testng.SuiteRunnerWorker.runSuite(SuiteRunnerWorker.java:53)
	at org.testng.SuiteRunnerWorker.run(SuiteRunnerWorker.java:96)
	at org.testng.TestNG.runSuitesSequentially(TestNG.java:1212)
	at org.testng.TestNG.runSuitesLocally(TestNG.java:1134)
	at org.testng.TestNG.runSuites(TestNG.java:1063)
	at org.testng.TestNG.run(TestNG.java:1031)
	at org.apache.maven.surefire.testng.TestNGExecutor.run(TestNGExecutor.java:155)
	at org.apache.maven.surefire.testng.TestNGDirectoryTestSuite.executeMulti(TestNGDirectoryTestSuite.java:169)
	at org.apache.maven.surefire.testng.TestNGDirectoryTestSuite.execute(TestNGDirectoryTestSuite.java:88)
	at org.apache.maven.surefire.testng.TestNGProvider.invoke(TestNGProvider.java:137)
	at org.apache.maven.surefire.booter.ForkedBooter.runSuitesInProcess(ForkedBooter.java:385)
	at org.apache.maven.surefire.booter.ForkedBooter.execute(ForkedBooter.java:162)
	at org.apache.maven.surefire.booter.ForkedBooter.run(ForkedBooter.java:507)
	at org.apache.maven.surefire.booter.ForkedBooter.main(ForkedBooter.java:495)
]]></failure>
    <system-out><![CDATA[====== Browser Closed ======
chrome====== Browser Launched ======
redirectToHomePageFromOtherPageUsingLogoTestTest Started
pom class menuUinqueness
logo clicked
Test Failed
java.lang.AssertionError: expected [true] but found [false]
]]></system-out>
    <system-err><![CDATA[Starting ChromeDriver 114.0.5735.90 (386bc09e8f4f2e025eddae123f36f6263096ae49-refs/branch-heads/5735@{#1052}) on port 12107
Only local connections are allowed.
Please see https://chromedriver.chromium.org/security-considerations for suggestions on keeping ChromeDriver safe.
ChromeDriver was started successfully.
Aug 07, 2023 12:57:07 AM org.openqa.selenium.devtools.CdpVersionFinder findNearestMatch
WARNING: Unable to find an exact match for CDP version 114, so returning the closest version found: 111
]]></system-err>
  </testcase>
  <testcase name="redirectToHomePageWithLogoTest" classname="whizit.TestHomePage.RedirectToHomePageWithLogoTest" time="3.888">
    <system-out><![CDATA[====== Browser Closed ======
chrome====== Browser Launched ======
redirectToHomePageWithLogoTestTest Started
logo clicked
Whiz IT
redirectToHomePageWithLogoTestTest Successful
]]></system-out>
    <system-err><![CDATA[Starting ChromeDriver 114.0.5735.90 (386bc09e8f4f2e025eddae123f36f6263096ae49-refs/branch-heads/5735@{#1052}) on port 5057
Only local connections are allowed.
Please see https://chromedriver.chromium.org/security-considerations for suggestions on keeping ChromeDriver safe.
ChromeDriver was started successfully.
Aug 07, 2023 12:58:14 AM org.openqa.selenium.devtools.CdpVersionFinder findNearestMatch
WARNING: Unable to find an exact match for CDP version 114, so returning the closest version found: 111
]]></system-err>
  </testcase>
  <testcase name="section1AllTechnologiesImageTest" classname="whizit.TestHomePage.Section1AllTechnologiesImageTest" time="0.498">
    <system-out><![CDATA[====== Browser Closed ======
chrome====== Browser Launched ======
section1AllTechnologiesImageTestTest Started
imgSrcList[https://whizitglobal.com/wp-content/uploads/2022/10/Paython-1024x513.png, https://whizitglobal.com/wp-content/uploads/2023/06/2560px-Scikit_learn_logo_small.svg-1024x551.png, https://whizitglobal.com/wp-content/uploads/2023/06/241-2413455_anaconda-inc-hd-png-download.jpg, https://whizitglobal.com/wp-content/uploads/2023/06/2560px-NumPy_logo_2020.svg-1024x461.png, https://whizitglobal.com/wp-content/uploads/2023/06/Pandas_logo.svg-1024x414.png, https://whizitglobal.com/wp-content/uploads/2022/10/logo-tech-221-1024x513.png, https://whizitglobal.com/wp-content/uploads/2022/10/logo-tech-29-1024x512.png, https://whizitglobal.com/wp-content/uploads/2022/10/MySQL.-1024x513.png, https://whizitglobal.com/wp-content/uploads/2023/06/Pytorch_logo-300x74.png, https://whizitglobal.com/wp-content/uploads/2022/10/logo-tech-25-1-1024x513.png]
lastRow11
img exists
img exists
img exists
img exists
img exists
img exists
img exists
img exists
img exists
img exists
section1AllTechnologiesImageTestTest Successful
]]></system-out>
    <system-err><![CDATA[Starting ChromeDriver 114.0.5735.90 (386bc09e8f4f2e025eddae123f36f6263096ae49-refs/branch-heads/5735@{#1052}) on port 16620
Only local connections are allowed.
Please see https://chromedriver.chromium.org/security-considerations for suggestions on keeping ChromeDriver safe.
ChromeDriver was started successfully.
Aug 07, 2023 12:58:54 AM org.openqa.selenium.devtools.CdpVersionFinder findNearestMatch
WARNING: Unable to find an exact match for CDP version 114, so returning the closest version found: 111
]]></system-err>
  </testcase>
  <testcase name="section2AllTechnologiesImageTest" classname="whizit.TestHomePage.Section2AllTechnologiesImageTest" time="0.343">
    <system-out><![CDATA[====== Browser Closed ======
chrome====== Browser Launched ======
section2AllTechnologiesImageTestTest Started
imgSrcList[https://whizitglobal.com/wp-content/uploads/2022/10/logo-tech-23-1024x513.png, https://whizitglobal.com/wp-content/uploads/2022/10/mongo-DB-1024x513.png, https://whizitglobal.com/wp-content/uploads/2022/10/logo-tech-24-1024x513.png, https://whizitglobal.com/wp-content/uploads/2022/10/Spark-1024x513.png, https://whizitglobal.com/wp-content/uploads/2022/10/Scala-1024x513.png, https://whizitglobal.com/wp-content/uploads/2023/06/Databricks_Logo-1024x538.png, https://whizitglobal.com/wp-content/uploads/2022/10/Java-1-1024x512.png, https://whizitglobal.com/wp-content/uploads/2022/10/postgresql-1024x513.png, https://whizitglobal.com/wp-content/uploads/2023/06/1280px-Flask_logo.svg-1024x401.png, https://whizitglobal.com/wp-content/uploads/2023/06/scipylogo.png]
lastRow11
valuehttps://whizitglobal.com/wp-content/uploads/2022/10/logo-tech-23-1024x513.png
img exists
valuehttps://whizitglobal.com/wp-content/uploads/2022/10/mongo-DB-1024x513.png
img exists
valuehttps://whizitglobal.com/wp-content/uploads/2022/10/logo-tech-24-1024x513.png
img exists
valuehttps://whizitglobal.com/wp-content/uploads/2022/10/Spark-1024x513.png
img exists
valuehttps://whizitglobal.com/wp-content/uploads/2022/10/Scala-1024x513.png
img exists
valuehttps://whizitglobal.com/wp-content/uploads/2023/06/Databricks_Logo-1024x538.png
img exists
valuehttps://whizitglobal.com/wp-content/uploads/2022/10/Java-1-1024x512.png
img exists
valuehttps://whizitglobal.com/wp-content/uploads/2022/10/postgresql-1024x513.png
img exists
valuehttps://whizitglobal.com/wp-content/uploads/2023/06/1280px-Flask_logo.svg-1024x401.png
img exists
valuehttps://whizitglobal.com/wp-content/uploads/2023/06/scipylogo.png
img exists
section2AllTechnologiesImageTestTest Successful
]]></system-out>
    <system-err><![CDATA[Starting ChromeDriver 114.0.5735.90 (386bc09e8f4f2e025eddae123f36f6263096ae49-refs/branch-heads/5735@{#1052}) on port 40975
Only local connections are allowed.
Please see https://chromedriver.chromium.org/security-considerations for suggestions on keeping ChromeDriver safe.
ChromeDriver was started successfully.
Aug 07, 2023 12:59:18 AM org.openqa.selenium.devtools.CdpVersionFinder findNearestMatch
WARNING: Unable to find an exact match for CDP version 114, so returning the closest version found: 111
]]></system-err>
  </testcase>
</testsuite>