<?xml version="1.0" encoding="UTF-8"?>
<testng-results ignored="8" total="13" passed="4" failed="1" skipped="0">
  <reporter-output>
    <line>
      <![CDATA[Logo exists]]>
    </line>
  </reporter-output>
  <suite started-at="2023-08-07T00:56:38 IST" name="Surefire suite" finished-at="2023-08-07T01:00:01 IST" duration-ms="203247">
    <groups>
    </groups>
    <test started-at="2023-08-07T00:56:38 IST" name="Surefire test" finished-at="2023-08-07T01:00:01 IST" duration-ms="203247">
      <class name="whizit.TestHomePage.Section1AllTechnologiesImageTest">
        <test-method is-config="true" signature="bcConfig()[pri:0, instance:whizit.TestHomePage.Section1AllTechnologiesImageTest@61d6015a]" started-at="2023-08-07T00:58:51 IST" name="bcConfig" finished-at="2023-08-07T00:59:14 IST" duration-ms="23274" status="PASS">
          <reporter-output>
          </reporter-output>
        </test-method> <!-- bcConfig -->
        <test-method signature="section1AllTechnologiesImageTest()[pri:0, instance:whizit.TestHomePage.Section1AllTechnologiesImageTest@61d6015a]" started-at="2023-08-07T00:59:14 IST" name="section1AllTechnologiesImageTest" finished-at="2023-08-07T00:59:15 IST" duration-ms="493" status="PASS">
          <reporter-output>
          </reporter-output>
        </test-method> <!-- section1AllTechnologiesImageTest -->
        <test-method is-config="true" signature="acConfig()[pri:0, instance:whizit.TestHomePage.Section1AllTechnologiesImageTest@61d6015a]" started-at="2023-08-07T00:59:15 IST" name="acConfig" finished-at="2023-08-07T00:59:15 IST" duration-ms="360" status="PASS">
          <reporter-output>
          </reporter-output>
        </test-method> <!-- acConfig -->
      </class> <!-- whizit.TestHomePage.Section1AllTechnologiesImageTest -->
      <class name="whizit.TestHomePage.RedirectToHomePageFromOtherPageUsingLogoTest">
        <test-method is-config="true" signature="bcConfig()[pri:0, instance:whizit.TestHomePage.RedirectToHomePageFromOtherPageUsingLogoTest@7e9131d5]" started-at="2023-08-07T00:57:04 IST" name="bcConfig" finished-at="2023-08-07T00:57:58 IST" duration-ms="54590" status="PASS">
          <reporter-output>
          </reporter-output>
        </test-method> <!-- bcConfig -->
        <test-method signature="redirectToHomePageFromOtherPageUsingLogoTest()[pri:0, instance:whizit.TestHomePage.RedirectToHomePageFromOtherPageUsingLogoTest@7e9131d5]" started-at="2023-08-07T00:57:58 IST" name="redirectToHomePageFromOtherPageUsingLogoTest" finished-at="2023-08-07T00:58:09 IST" duration-ms="10846" status="FAIL">
          <exception class="java.lang.AssertionError">
            <message>
              <![CDATA[expected [true] but found [false]]]>
            </message>
            <full-stacktrace>
              <![CDATA[java.lang.AssertionError: expected [true] but found [false]
at org.testng.Assert.fail(Assert.java:99)
at org.testng.Assert.failNotEquals(Assert.java:1037)
at org.testng.Assert.assertTrue(Assert.java:45)
at org.testng.Assert.assertTrue(Assert.java:55)
at whizit.TestHomePage.RedirectToHomePageFromOtherPageUsingLogoTest.redirectToHomePageFromOtherPageUsingLogoTest(RedirectToHomePageFromOtherPageUsingLogoTest.java:34)
at java.base/jdk.internal.reflect.NativeMethodAccessorImpl.invoke0(Native Method)
at java.base/jdk.internal.reflect.NativeMethodAccessorImpl.invoke(NativeMethodAccessorImpl.java:62)
at java.base/jdk.internal.reflect.DelegatingMethodAccessorImpl.invoke(DelegatingMethodAccessorImpl.java:43)
at java.base/java.lang.reflect.Method.invoke(Method.java:566)
at org.testng.internal.MethodInvocationHelper.invokeMethod(MethodInvocationHelper.java:133)
at org.testng.internal.TestInvoker.invokeMethod(TestInvoker.java:598)
at org.testng.internal.TestInvoker.invokeTestMethod(TestInvoker.java:173)
at org.testng.internal.MethodRunner.runInSequence(MethodRunner.java:46)
at org.testng.internal.TestInvoker$MethodInvocationAgent.invoke(TestInvoker.java:824)
at org.testng.internal.TestInvoker.invokeTestMethods(TestInvoker.java:146)
at org.testng.internal.TestMethodWorker.invokeTestMethods(TestMethodWorker.java:146)
at org.testng.internal.TestMethodWorker.run(TestMethodWorker.java:128)
at java.base/java.util.ArrayList.forEach(ArrayList.java:1541)
at org.testng.TestRunner.privateRun(TestRunner.java:794)
at org.testng.TestRunner.run(TestRunner.java:596)
at org.testng.SuiteRunner.runTest(SuiteRunner.java:377)
at org.testng.SuiteRunner.runSequentially(SuiteRunner.java:371)
at org.testng.SuiteRunner.privateRun(SuiteRunner.java:332)
at org.testng.SuiteRunner.run(SuiteRunner.java:276)
at org.testng.SuiteRunnerWorker.runSuite(SuiteRunnerWorker.java:53)
at org.testng.SuiteRunnerWorker.run(SuiteRunnerWorker.java:96)
at org.testng.TestNG.runSuitesSequentially(TestNG.java:1212)
at org.testng.TestNG.runSuitesLocally(TestNG.java:1134)
at org.testng.TestNG.runSuites(TestNG.java:1063)
at org.testng.TestNG.run(TestNG.java:1031)
at org.apache.maven.surefire.testng.TestNGExecutor.run(TestNGExecutor.java:155)
at org.apache.maven.surefire.testng.TestNGDirectoryTestSuite.executeMulti(TestNGDirectoryTestSuite.java:169)
at org.apache.maven.surefire.testng.TestNGDirectoryTestSuite.execute(TestNGDirectoryTestSuite.java:88)
at org.apache.maven.surefire.testng.TestNGProvider.invoke(TestNGProvider.java:137)
at org.apache.maven.surefire.booter.ForkedBooter.runSuitesInProcess(ForkedBooter.java:385)
at org.apache.maven.surefire.booter.ForkedBooter.execute(ForkedBooter.java:162)
at org.apache.maven.surefire.booter.ForkedBooter.run(ForkedBooter.java:507)
at org.apache.maven.surefire.booter.ForkedBooter.main(ForkedBooter.java:495)
]]>
            </full-stacktrace>
          </exception> <!-- java.lang.AssertionError -->
          <reporter-output>
          </reporter-output>
        </test-method> <!-- redirectToHomePageFromOtherPageUsingLogoTest -->
        <test-method is-config="true" signature="acConfig()[pri:0, instance:whizit.TestHomePage.RedirectToHomePageFromOtherPageUsingLogoTest@7e9131d5]" started-at="2023-08-07T00:58:10 IST" name="acConfig" finished-at="2023-08-07T00:58:11 IST" duration-ms="770" status="PASS">
          <reporter-output>
          </reporter-output>
        </test-method> <!-- acConfig -->
      </class> <!-- whizit.TestHomePage.RedirectToHomePageFromOtherPageUsingLogoTest -->
      <class name="whizit.TestHomePage.Section2AllTechnologiesImageTest">
        <test-method is-config="true" signature="bcConfig()[pri:0, instance:whizit.TestHomePage.Section2AllTechnologiesImageTest@2525ff7e]" started-at="2023-08-07T00:59:15 IST" name="bcConfig" finished-at="2023-08-07T01:00:00 IST" duration-ms="45167" status="PASS">
          <reporter-output>
          </reporter-output>
        </test-method> <!-- bcConfig -->
        <test-method signature="section2AllTechnologiesImageTest()[pri:0, instance:whizit.TestHomePage.Section2AllTechnologiesImageTest@2525ff7e]" started-at="2023-08-07T01:00:00 IST" name="section2AllTechnologiesImageTest" finished-at="2023-08-07T01:00:00 IST" duration-ms="338" status="PASS">
          <reporter-output>
          </reporter-output>
        </test-method> <!-- section2AllTechnologiesImageTest -->
        <test-method is-config="true" signature="acConfig()[pri:0, instance:whizit.TestHomePage.Section2AllTechnologiesImageTest@2525ff7e]" started-at="2023-08-07T01:00:00 IST" name="acConfig" finished-at="2023-08-07T01:00:01 IST" duration-ms="338" status="PASS">
          <reporter-output>
          </reporter-output>
        </test-method> <!-- acConfig -->
      </class> <!-- whizit.TestHomePage.Section2AllTechnologiesImageTest -->
      <class name="whizit.TestHomePage.RedirectToHomePageWithLogoTest">
        <test-method is-config="true" signature="bcConfig()[pri:0, instance:whizit.TestHomePage.RedirectToHomePageWithLogoTest@2e1d27ba]" started-at="2023-08-07T00:58:11 IST" name="bcConfig" finished-at="2023-08-07T00:58:46 IST" duration-ms="35744" status="PASS">
          <reporter-output>
          </reporter-output>
        </test-method> <!-- bcConfig -->
        <test-method signature="redirectToHomePageWithLogoTest()[pri:0, instance:whizit.TestHomePage.RedirectToHomePageWithLogoTest@2e1d27ba]" started-at="2023-08-07T00:58:47 IST" name="redirectToHomePageWithLogoTest" finished-at="2023-08-07T00:58:50 IST" duration-ms="3901" status="PASS">
          <reporter-output>
          </reporter-output>
        </test-method> <!-- redirectToHomePageWithLogoTest -->
        <test-method is-config="true" signature="acConfig()[pri:0, instance:whizit.TestHomePage.RedirectToHomePageWithLogoTest@2e1d27ba]" started-at="2023-08-07T00:58:50 IST" name="acConfig" finished-at="2023-08-07T00:58:51 IST" duration-ms="437" status="PASS">
          <reporter-output>
          </reporter-output>
        </test-method> <!-- acConfig -->
      </class> <!-- whizit.TestHomePage.RedirectToHomePageWithLogoTest -->
      <class name="whizit.TestHomePage.CheckLogoExistOrNotTest">
        <test-method is-config="true" signature="bsConfig()[pri:0, instance:whizit.TestHomePage.CheckLogoExistOrNotTest@78ffe6dc]" started-at="2023-08-07T00:56:38 IST" name="bsConfig" finished-at="2023-08-07T00:56:38 IST" duration-ms="21" status="PASS">
          <reporter-output>
          </reporter-output>
        </test-method> <!-- bsConfig -->
        <test-method is-config="true" signature="bcConfig()[pri:0, instance:whizit.TestHomePage.CheckLogoExistOrNotTest@78ffe6dc]" started-at="2023-08-07T00:56:38 IST" name="bcConfig" finished-at="2023-08-07T00:57:02 IST" duration-ms="23773" status="PASS">
          <reporter-output>
          </reporter-output>
        </test-method> <!-- bcConfig -->
        <test-method signature="checkLogoExistOrNotTest()[pri:0, instance:whizit.TestHomePage.CheckLogoExistOrNotTest@78ffe6dc]" started-at="2023-08-07T00:57:02 IST" name="checkLogoExistOrNotTest" finished-at="2023-08-07T00:57:03 IST" duration-ms="605" status="PASS">
          <reporter-output>
            <line>
              <![CDATA[Logo exists]]>
            </line>
          </reporter-output>
        </test-method> <!-- checkLogoExistOrNotTest -->
        <test-method is-config="true" signature="acConfig()[pri:0, instance:whizit.TestHomePage.CheckLogoExistOrNotTest@78ffe6dc]" started-at="2023-08-07T00:57:03 IST" name="acConfig" finished-at="2023-08-07T00:57:04 IST" duration-ms="575" status="PASS">
          <reporter-output>
          </reporter-output>
        </test-method> <!-- acConfig -->
        <test-method is-config="true" signature="asConfig()[pri:0, instance:whizit.TestHomePage.CheckLogoExistOrNotTest@78ffe6dc]" started-at="2023-08-07T01:00:02 IST" name="asConfig" finished-at="2023-08-07T01:00:02 IST" duration-ms="0" status="PASS">
          <reporter-output>
          </reporter-output>
        </test-method> <!-- asConfig -->
      </class> <!-- whizit.TestHomePage.CheckLogoExistOrNotTest -->
    </test> <!-- Surefire test -->
  </suite> <!-- Surefire suite -->
</testng-results>
