<?xml version="1.0" encoding="UTF-8"?>
<testng-results ignored="0" total="1" passed="1" failed="0" skipped="0">
  <reporter-output>
  </reporter-output>
  <suite started-at="2023-07-14T12:21:27 IST" name="Default suite" finished-at="2023-07-14T12:22:07 IST" duration-ms="40037">
    <groups>
    </groups>
    <test started-at="2023-07-14T12:21:27 IST" name="Default test" finished-at="2023-07-14T12:22:07 IST" duration-ms="40037">
      <class name="whizit.TestHomePage.Section2AllTechnologiesImageTest">
        <test-method is-config="true" signature="bsConfig()[pri:0, instance:whizit.TestHomePage.Section2AllTechnologiesImageTest@4c1909a3]" started-at="2023-07-14T12:21:27 IST" name="bsConfig" finished-at="2023-07-14T12:21:27 IST" duration-ms="15" status="PASS">
          <reporter-output>
          </reporter-output>
        </test-method> <!-- bsConfig -->
        <test-method is-config="true" signature="bcConfig()[pri:0, instance:whizit.TestHomePage.Section2AllTechnologiesImageTest@4c1909a3]" started-at="2023-07-14T12:21:28 IST" name="bcConfig" finished-at="2023-07-14T12:22:05 IST" duration-ms="36789" status="PASS">
          <reporter-output>
          </reporter-output>
        </test-method> <!-- bcConfig -->
        <test-method signature="section2AllTechnologiesImageTest()[pri:0, instance:whizit.TestHomePage.Section2AllTechnologiesImageTest@4c1909a3]" started-at="2023-07-14T12:22:05 IST" name="section2AllTechnologiesImageTest" finished-at="2023-07-14T12:22:07 IST" duration-ms="1870" status="PASS">
          <reporter-output>
          </reporter-output>
        </test-method> <!-- section2AllTechnologiesImageTest -->
        <test-method is-config="true" signature="acConfig()[pri:0, instance:whizit.TestHomePage.Section2AllTechnologiesImageTest@4c1909a3]" started-at="2023-07-14T12:22:07 IST" name="acConfig" finished-at="2023-07-14T12:22:07 IST" duration-ms="529" status="PASS">
          <reporter-output>
          </reporter-output>
        </test-method> <!-- acConfig -->
        <test-method is-config="true" signature="asConfig()[pri:0, instance:whizit.TestHomePage.Section2AllTechnologiesImageTest@4c1909a3]" started-at="2023-07-14T12:22:08 IST" name="asConfig" finished-at="2023-07-14T12:22:08 IST" duration-ms="0" status="PASS">
          <reporter-output>
          </reporter-output>
        </test-method> <!-- asConfig -->
      </class> <!-- whizit.TestHomePage.Section2AllTechnologiesImageTest -->
    </test> <!-- Default test -->
  </suite> <!-- Default suite -->
</testng-results>
